2023-05-09 11:37:00,077 [Worker-2: Loading available Gradle versions] INFO  o.e.b.c.i.u.g.PublishedGradleVersions - Gradle version information cache is up-to-date. Trying to read.
2023-05-09 12:25:10,581 [Worker-1: Loading available Gradle versions] INFO  o.e.b.c.i.u.g.PublishedGradleVersions - Gradle version information cache is up-to-date. Trying to read.
2023-05-09 12:25:53,598 [Worker-3: Building] INFO  o.e.m.c.i.l.LifecycleMappingFactory - Using org.maven.ide.eclipse.wtp.WarLifecycleMapping lifecycle mapping for MavenProject: survey:survey:0.0.1-SNAPSHOT @ C:\Users\ThinkPad\OneDrive\Bureau\survey1\survey\Survey-Resurvey-Back-main\pom.xml.
2023-05-09 12:25:57,813 [Worker-3: Building] INFO  o.e.m.c.i.embedder.EclipseLogger - Using 'UTF-8' encoding to copy filtered resources.
2023-05-09 12:25:57,814 [Worker-3: Building] INFO  o.e.m.c.i.embedder.EclipseLogger - Using 'UTF-8' encoding to copy filtered properties files.
2023-05-09 12:25:57,908 [Worker-3: Building] INFO  o.e.m.c.i.embedder.EclipseLogger - Copying 1 resource
2023-05-09 12:25:57,941 [Worker-3: Building] INFO  o.e.m.c.i.embedder.EclipseLogger - Copying 0 resource
2023-05-09 12:25:57,951 [Worker-3: Building] INFO  o.e.m.c.i.embedder.EclipseLogger - Using 'UTF-8' encoding to copy filtered resources.
2023-05-09 12:25:57,952 [Worker-3: Building] INFO  o.e.m.c.i.embedder.EclipseLogger - Using 'UTF-8' encoding to copy filtered properties files.
2023-05-09 12:25:57,952 [Worker-3: Building] INFO  o.e.m.c.i.embedder.EclipseLogger - skip non existing resourceDirectory C:\Users\ThinkPad\OneDrive\Bureau\survey1\survey\Survey-Resurvey-Back-main\src\test\resources
2023-05-09 12:26:03,091 [Worker-9: Building] INFO  o.e.m.c.i.embedder.EclipseLogger - Using 'UTF-8' encoding to copy filtered resources.
2023-05-09 12:26:03,092 [Worker-9: Building] INFO  o.e.m.c.i.embedder.EclipseLogger - Using 'UTF-8' encoding to copy filtered properties files.
2023-05-09 12:26:03,096 [Worker-9: Building] INFO  o.e.m.c.i.embedder.EclipseLogger - Copying 1 resource
2023-05-09 12:26:03,102 [Worker-9: Building] INFO  o.e.m.c.i.embedder.EclipseLogger - Copying 0 resource
2023-05-09 12:26:03,108 [Worker-9: Building] INFO  o.e.m.c.i.embedder.EclipseLogger - Using 'UTF-8' encoding to copy filtered resources.
2023-05-09 12:26:03,108 [Worker-9: Building] INFO  o.e.m.c.i.embedder.EclipseLogger - Using 'UTF-8' encoding to copy filtered properties files.
2023-05-09 12:26:03,108 [Worker-9: Building] INFO  o.e.m.c.i.embedder.EclipseLogger - skip non existing resourceDirectory C:\Users\ThinkPad\OneDrive\Bureau\survey1\survey\Survey-Resurvey-Back-main\src\test\resources
2023-05-09 12:26:27,802 [Worker-9: Building] INFO  o.e.m.c.i.embedder.EclipseLogger - Using 'UTF-8' encoding to copy filtered resources.
2023-05-09 12:26:27,802 [Worker-9: Building] INFO  o.e.m.c.i.embedder.EclipseLogger - Using 'UTF-8' encoding to copy filtered properties files.
2023-05-09 12:26:27,818 [Worker-9: Building] INFO  o.e.m.c.i.embedder.EclipseLogger - Copying 0 resource
2023-05-09 12:26:27,819 [Worker-9: Building] INFO  o.e.m.c.i.embedder.EclipseLogger - Copying 0 resource
2023-05-09 12:26:27,848 [Worker-9: Building] INFO  o.e.m.c.i.embedder.EclipseLogger - Using 'UTF-8' encoding to copy filtered resources.
2023-05-09 12:26:27,848 [Worker-9: Building] INFO  o.e.m.c.i.embedder.EclipseLogger - Using 'UTF-8' encoding to copy filtered properties files.
2023-05-09 12:26:27,848 [Worker-9: Building] INFO  o.e.m.c.i.embedder.EclipseLogger - skip non existing resourceDirectory C:\Users\ThinkPad\OneDrive\Bureau\survey1\survey\Survey-Resurvey-Back-main\src\test\resources
2023-05-09 12:29:17,563 [Worker-4: Updating Maven Project] INFO  o.e.m.c.i.p.ProjectConfigurationManager - Update started
2023-05-09 12:29:18,286 [Worker-4: Updating Maven Project] INFO  o.e.m.c.i.l.LifecycleMappingFactory - Using org.maven.ide.eclipse.wtp.WarLifecycleMapping lifecycle mapping for MavenProject: survey:survey:0.0.1-SNAPSHOT @ C:\Users\ThinkPad\OneDrive\Bureau\survey1\survey\Survey-Resurvey-Back-main\pom.xml.
2023-05-09 12:29:21,064 [Worker-4: Updating Maven Project] INFO  o.e.m.j.i.AbstractJavaProjectConfigurator - Adding source folder /Survey-Resurvey-Back-main/src/main/java
2023-05-09 12:29:21,065 [Worker-4: Updating Maven Project] INFO  o.e.m.j.i.AbstractJavaProjectConfigurator - Adding resource folder /Survey-Resurvey-Back-main/src/main/resources
2023-05-09 12:29:21,066 [Worker-4: Updating Maven Project] INFO  o.e.m.j.i.AbstractJavaProjectConfigurator - Adding resource folder /Survey-Resurvey-Back-main/src/main/resources
2023-05-09 12:29:21,067 [Worker-4: Updating Maven Project] INFO  o.e.m.j.i.AbstractJavaProjectConfigurator - Adding source folder /Survey-Resurvey-Back-main/src/test/java
2023-05-09 12:29:23,151 [Worker-4: Updating Maven Project] INFO  o.e.m.w.i.f.ResourceFilteringBuildParticipant - Cleaning filtered folder for Survey-Resurvey-Back-main
2023-05-09 12:29:23,164 [Worker-4: Updating Maven Project] INFO  o.e.m.c.i.p.ProjectConfigurationManager - Update completed for 1 poms: local refresh takes 0,00 sec, refresh facades takes 2,00 sec, update config takes 1,00 sec 
2023-05-09 12:29:25,640 [Worker-7: Building] INFO  o.e.m.w.i.f.ResourceFilteringBuildParticipant - Changed resources require a complete clean of filtered resources of Survey-Resurvey-Back-main
2023-05-09 12:29:25,643 [Worker-7: Building] INFO  o.e.m.w.i.f.ResourceFilteringBuildParticipant - Executing resource filtering for Survey-Resurvey-Back-main
2023-05-09 12:29:25,964 [Worker-7: Building] INFO  o.e.m.c.i.embedder.EclipseLogger - Using 'UTF-8' encoding to copy filtered resources.
2023-05-09 12:29:25,965 [Worker-7: Building] INFO  o.e.m.c.i.embedder.EclipseLogger - Using 'UTF-8' encoding to copy filtered properties files.
2023-05-09 12:29:39,776 [main] INFO  o.e.m2e.actions.ExecutePomAction - Creating new launch configuration
2023-05-09 12:29:57,653 [Worker-3: Launching Survey-Resurvey-Back-main] INFO  o.eclipse.m2e.core.internal.Bundles - getClasspathEntries(Bundle=org.eclipse.m2e.maven.runtime_3.8.604.20221130-2149 [345])
2023-05-09 12:29:57,671 [Worker-3: Launching Survey-Resurvey-Back-main] INFO  o.eclipse.m2e.core.internal.Bundles - 	Entry: C:\Users\ThinkPad\OneDrive\Bureau\sts4\sts-4.17.2.RELEASE\plugins\org.eclipse.m2e.maven.runtime_3.8.604.20221130-2149
2023-05-09 12:29:57,674 [Worker-3: Launching Survey-Resurvey-Back-main] INFO  o.eclipse.m2e.core.internal.Bundles - 	Entry: C:\Users\ThinkPad\OneDrive\Bureau\sts4\sts-4.17.2.RELEASE\plugins\org.eclipse.m2e.maven.runtime_3.8.604.20221130-2149\jars\aether-connector-okhttp-0.17.8.jar
2023-05-09 12:29:57,675 [Worker-3: Launching Survey-Resurvey-Back-main] INFO  o.eclipse.m2e.core.internal.Bundles - 	Entry: C:\Users\ThinkPad\OneDrive\Bureau\sts4\sts-4.17.2.RELEASE\plugins\org.eclipse.m2e.maven.runtime_3.8.604.20221130-2149\jars\commons-cli-1.4.jar
2023-05-09 12:29:57,677 [Worker-3: Launching Survey-Resurvey-Back-main] INFO  o.eclipse.m2e.core.internal.Bundles - 	Entry: C:\Users\ThinkPad\OneDrive\Bureau\sts4\sts-4.17.2.RELEASE\plugins\org.eclipse.m2e.maven.runtime_3.8.604.20221130-2149\jars\commons-io-2.6.jar
2023-05-09 12:29:57,678 [Worker-3: Launching Survey-Resurvey-Back-main] INFO  o.eclipse.m2e.core.internal.Bundles - 	Entry: C:\Users\ThinkPad\OneDrive\Bureau\sts4\sts-4.17.2.RELEASE\plugins\org.eclipse.m2e.maven.runtime_3.8.604.20221130-2149\jars\commons-lang3-3.8.1.jar
2023-05-09 12:29:57,679 [Worker-3: Launching Survey-Resurvey-Back-main] INFO  o.eclipse.m2e.core.internal.Bundles - 	Entry: C:\Users\ThinkPad\OneDrive\Bureau\sts4\sts-4.17.2.RELEASE\plugins\org.eclipse.m2e.maven.runtime_3.8.604.20221130-2149\jars\guice-4.2.2-no_aop.jar
2023-05-09 12:29:57,681 [Worker-3: Launching Survey-Resurvey-Back-main] INFO  o.eclipse.m2e.core.internal.Bundles - 	Entry: C:\Users\ThinkPad\OneDrive\Bureau\sts4\sts-4.17.2.RELEASE\plugins\org.eclipse.m2e.maven.runtime_3.8.604.20221130-2149\jars\jansi-2.4.0.jar
2023-05-09 12:29:57,683 [Worker-3: Launching Survey-Resurvey-Back-main] INFO  o.eclipse.m2e.core.internal.Bundles - 	Entry: C:\Users\ThinkPad\OneDrive\Bureau\sts4\sts-4.17.2.RELEASE\plugins\org.eclipse.m2e.maven.runtime_3.8.604.20221130-2149\jars\maven-artifact-3.8.6.jar
2023-05-09 12:29:57,685 [Worker-3: Launching Survey-Resurvey-Back-main] INFO  o.eclipse.m2e.core.internal.Bundles - 	Entry: C:\Users\ThinkPad\OneDrive\Bureau\sts4\sts-4.17.2.RELEASE\plugins\org.eclipse.m2e.maven.runtime_3.8.604.20221130-2149\jars\maven-builder-support-3.8.6.jar
2023-05-09 12:29:57,687 [Worker-3: Launching Survey-Resurvey-Back-main] INFO  o.eclipse.m2e.core.internal.Bundles - 	Entry: C:\Users\ThinkPad\OneDrive\Bureau\sts4\sts-4.17.2.RELEASE\plugins\org.eclipse.m2e.maven.runtime_3.8.604.20221130-2149\jars\maven-compat-3.8.6.jar
2023-05-09 12:29:57,689 [Worker-3: Launching Survey-Resurvey-Back-main] INFO  o.eclipse.m2e.core.internal.Bundles - 	Entry: C:\Users\ThinkPad\OneDrive\Bureau\sts4\sts-4.17.2.RELEASE\plugins\org.eclipse.m2e.maven.runtime_3.8.604.20221130-2149\jars\maven-core-3.8.6.jar
2023-05-09 12:29:57,690 [Worker-3: Launching Survey-Resurvey-Back-main] INFO  o.eclipse.m2e.core.internal.Bundles - 	Entry: C:\Users\ThinkPad\OneDrive\Bureau\sts4\sts-4.17.2.RELEASE\plugins\org.eclipse.m2e.maven.runtime_3.8.604.20221130-2149\jars\maven-embedder-3.8.6.jar
2023-05-09 12:29:57,692 [Worker-3: Launching Survey-Resurvey-Back-main] INFO  o.eclipse.m2e.core.internal.Bundles - 	Entry: C:\Users\ThinkPad\OneDrive\Bureau\sts4\sts-4.17.2.RELEASE\plugins\org.eclipse.m2e.maven.runtime_3.8.604.20221130-2149\jars\maven-model-3.8.6.jar
2023-05-09 12:29:57,693 [Worker-3: Launching Survey-Resurvey-Back-main] INFO  o.eclipse.m2e.core.internal.Bundles - 	Entry: C:\Users\ThinkPad\OneDrive\Bureau\sts4\sts-4.17.2.RELEASE\plugins\org.eclipse.m2e.maven.runtime_3.8.604.20221130-2149\jars\maven-model-builder-3.8.6.jar
2023-05-09 12:29:57,694 [Worker-3: Launching Survey-Resurvey-Back-main] INFO  o.eclipse.m2e.core.internal.Bundles - 	Entry: C:\Users\ThinkPad\OneDrive\Bureau\sts4\sts-4.17.2.RELEASE\plugins\org.eclipse.m2e.maven.runtime_3.8.604.20221130-2149\jars\maven-plugin-api-3.8.6.jar
2023-05-09 12:29:57,696 [Worker-3: Launching Survey-Resurvey-Back-main] INFO  o.eclipse.m2e.core.internal.Bundles - 	Entry: C:\Users\ThinkPad\OneDrive\Bureau\sts4\sts-4.17.2.RELEASE\plugins\org.eclipse.m2e.maven.runtime_3.8.604.20221130-2149\jars\maven-repository-metadata-3.8.6.jar
2023-05-09 12:29:57,697 [Worker-3: Launching Survey-Resurvey-Back-main] INFO  o.eclipse.m2e.core.internal.Bundles - 	Entry: C:\Users\ThinkPad\OneDrive\Bureau\sts4\sts-4.17.2.RELEASE\plugins\org.eclipse.m2e.maven.runtime_3.8.604.20221130-2149\jars\maven-resolver-api-1.6.3.jar
2023-05-09 12:29:57,698 [Worker-3: Launching Survey-Resurvey-Back-main] INFO  o.eclipse.m2e.core.internal.Bundles - 	Entry: C:\Users\ThinkPad\OneDrive\Bureau\sts4\sts-4.17.2.RELEASE\plugins\org.eclipse.m2e.maven.runtime_3.8.604.20221130-2149\jars\maven-resolver-connector-basic-1.6.3.jar
2023-05-09 12:29:57,699 [Worker-3: Launching Survey-Resurvey-Back-main] INFO  o.eclipse.m2e.core.internal.Bundles - 	Entry: C:\Users\ThinkPad\OneDrive\Bureau\sts4\sts-4.17.2.RELEASE\plugins\org.eclipse.m2e.maven.runtime_3.8.604.20221130-2149\jars\maven-resolver-impl-1.6.3.jar
2023-05-09 12:29:57,700 [Worker-3: Launching Survey-Resurvey-Back-main] INFO  o.eclipse.m2e.core.internal.Bundles - 	Entry: C:\Users\ThinkPad\OneDrive\Bureau\sts4\sts-4.17.2.RELEASE\plugins\org.eclipse.m2e.maven.runtime_3.8.604.20221130-2149\jars\maven-resolver-provider-3.8.6.jar
2023-05-09 12:29:57,701 [Worker-3: Launching Survey-Resurvey-Back-main] INFO  o.eclipse.m2e.core.internal.Bundles - 	Entry: C:\Users\ThinkPad\OneDrive\Bureau\sts4\sts-4.17.2.RELEASE\plugins\org.eclipse.m2e.maven.runtime_3.8.604.20221130-2149\jars\maven-resolver-spi-1.6.3.jar
2023-05-09 12:29:57,703 [Worker-3: Launching Survey-Resurvey-Back-main] INFO  o.eclipse.m2e.core.internal.Bundles - 	Entry: C:\Users\ThinkPad\OneDrive\Bureau\sts4\sts-4.17.2.RELEASE\plugins\org.eclipse.m2e.maven.runtime_3.8.604.20221130-2149\jars\maven-resolver-transport-wagon-1.6.3.jar
2023-05-09 12:29:57,703 [Worker-3: Launching Survey-Resurvey-Back-main] INFO  o.eclipse.m2e.core.internal.Bundles - 	Entry: C:\Users\ThinkPad\OneDrive\Bureau\sts4\sts-4.17.2.RELEASE\plugins\org.eclipse.m2e.maven.runtime_3.8.604.20221130-2149\jars\maven-resolver-util-1.6.3.jar
2023-05-09 12:29:57,704 [Worker-3: Launching Survey-Resurvey-Back-main] INFO  o.eclipse.m2e.core.internal.Bundles - 	Entry: C:\Users\ThinkPad\OneDrive\Bureau\sts4\sts-4.17.2.RELEASE\plugins\org.eclipse.m2e.maven.runtime_3.8.604.20221130-2149\jars\maven-settings-3.8.6.jar
2023-05-09 12:29:57,705 [Worker-3: Launching Survey-Resurvey-Back-main] INFO  o.eclipse.m2e.core.internal.Bundles - 	Entry: C:\Users\ThinkPad\OneDrive\Bureau\sts4\sts-4.17.2.RELEASE\plugins\org.eclipse.m2e.maven.runtime_3.8.604.20221130-2149\jars\maven-settings-builder-3.8.6.jar
2023-05-09 12:29:57,706 [Worker-3: Launching Survey-Resurvey-Back-main] INFO  o.eclipse.m2e.core.internal.Bundles - 	Entry: C:\Users\ThinkPad\OneDrive\Bureau\sts4\sts-4.17.2.RELEASE\plugins\org.eclipse.m2e.maven.runtime_3.8.604.20221130-2149\jars\maven-shared-utils-3.3.4.jar
2023-05-09 12:29:57,707 [Worker-3: Launching Survey-Resurvey-Back-main] INFO  o.eclipse.m2e.core.internal.Bundles - 	Entry: C:\Users\ThinkPad\OneDrive\Bureau\sts4\sts-4.17.2.RELEASE\plugins\org.eclipse.m2e.maven.runtime_3.8.604.20221130-2149\jars\okhttp-3.14.1.jar
2023-05-09 12:29:57,709 [Worker-3: Launching Survey-Resurvey-Back-main] INFO  o.eclipse.m2e.core.internal.Bundles - 	Entry: C:\Users\ThinkPad\OneDrive\Bureau\sts4\sts-4.17.2.RELEASE\plugins\org.eclipse.m2e.maven.runtime_3.8.604.20221130-2149\jars\okio-1.17.3.jar
2023-05-09 12:29:57,710 [Worker-3: Launching Survey-Resurvey-Back-main] INFO  o.eclipse.m2e.core.internal.Bundles - 	Entry: C:\Users\ThinkPad\OneDrive\Bureau\sts4\sts-4.17.2.RELEASE\plugins\org.eclipse.m2e.maven.runtime_3.8.604.20221130-2149\jars\org.eclipse.sisu.inject-0.3.5.jar
2023-05-09 12:29:57,711 [Worker-3: Launching Survey-Resurvey-Back-main] INFO  o.eclipse.m2e.core.internal.Bundles - 	Entry: C:\Users\ThinkPad\OneDrive\Bureau\sts4\sts-4.17.2.RELEASE\plugins\org.eclipse.m2e.maven.runtime_3.8.604.20221130-2149\jars\org.eclipse.sisu.plexus-0.3.5.jar
2023-05-09 12:29:57,713 [Worker-3: Launching Survey-Resurvey-Back-main] INFO  o.eclipse.m2e.core.internal.Bundles - 	Entry: C:\Users\ThinkPad\OneDrive\Bureau\sts4\sts-4.17.2.RELEASE\plugins\org.eclipse.m2e.maven.runtime_3.8.604.20221130-2149\jars\plexus-build-api-0.0.7.jar
2023-05-09 12:29:57,714 [Worker-3: Launching Survey-Resurvey-Back-main] INFO  o.eclipse.m2e.core.internal.Bundles - 	Entry: C:\Users\ThinkPad\OneDrive\Bureau\sts4\sts-4.17.2.RELEASE\plugins\org.eclipse.m2e.maven.runtime_3.8.604.20221130-2149\jars\plexus-cipher-2.0.jar
2023-05-09 12:29:57,715 [Worker-3: Launching Survey-Resurvey-Back-main] INFO  o.eclipse.m2e.core.internal.Bundles - 	Entry: C:\Users\ThinkPad\OneDrive\Bureau\sts4\sts-4.17.2.RELEASE\plugins\org.eclipse.m2e.maven.runtime_3.8.604.20221130-2149\jars\plexus-classworlds-2.6.0.jar
2023-05-09 12:29:57,718 [Worker-3: Launching Survey-Resurvey-Back-main] INFO  o.eclipse.m2e.core.internal.Bundles - 	Entry: C:\Users\ThinkPad\OneDrive\Bureau\sts4\sts-4.17.2.RELEASE\plugins\org.eclipse.m2e.maven.runtime_3.8.604.20221130-2149\jars\plexus-component-annotations-2.1.0.jar
2023-05-09 12:29:57,719 [Worker-3: Launching Survey-Resurvey-Back-main] INFO  o.eclipse.m2e.core.internal.Bundles - 	Entry: C:\Users\ThinkPad\OneDrive\Bureau\sts4\sts-4.17.2.RELEASE\plugins\org.eclipse.m2e.maven.runtime_3.8.604.20221130-2149\jars\plexus-interpolation-1.26.jar
2023-05-09 12:29:57,720 [Worker-3: Launching Survey-Resurvey-Back-main] INFO  o.eclipse.m2e.core.internal.Bundles - 	Entry: C:\Users\ThinkPad\OneDrive\Bureau\sts4\sts-4.17.2.RELEASE\plugins\org.eclipse.m2e.maven.runtime_3.8.604.20221130-2149\jars\plexus-sec-dispatcher-2.0.jar
2023-05-09 12:29:57,721 [Worker-3: Launching Survey-Resurvey-Back-main] INFO  o.eclipse.m2e.core.internal.Bundles - 	Entry: C:\Users\ThinkPad\OneDrive\Bureau\sts4\sts-4.17.2.RELEASE\plugins\org.eclipse.m2e.maven.runtime_3.8.604.20221130-2149\jars\plexus-utils-3.3.1.jar
2023-05-09 12:29:57,723 [Worker-3: Launching Survey-Resurvey-Back-main] INFO  o.eclipse.m2e.core.internal.Bundles - 	Entry: C:\Users\ThinkPad\OneDrive\Bureau\sts4\sts-4.17.2.RELEASE\plugins\org.eclipse.m2e.maven.runtime_3.8.604.20221130-2149\jars\wagon-file-3.5.1.jar
2023-05-09 12:29:57,724 [Worker-3: Launching Survey-Resurvey-Back-main] INFO  o.eclipse.m2e.core.internal.Bundles - 	Entry: C:\Users\ThinkPad\OneDrive\Bureau\sts4\sts-4.17.2.RELEASE\plugins\org.eclipse.m2e.maven.runtime_3.8.604.20221130-2149\jars\wagon-provider-api-3.5.1.jar
2023-05-09 12:29:57,729 [Worker-3: Launching Survey-Resurvey-Back-main] INFO  o.eclipse.m2e.core.internal.Bundles - getClasspathEntries(Bundle=com.google.guava_30.1.0.v20221112-0806 [22])
2023-05-09 12:29:57,740 [Worker-3: Launching Survey-Resurvey-Back-main] INFO  o.eclipse.m2e.core.internal.Bundles - 	Entry: C:\Users\ThinkPad\OneDrive\Bureau\sts4\sts-4.17.2.RELEASE\plugins\com.google.guava_30.1.0.v20221112-0806.jar
2023-05-09 12:29:57,740 [Worker-3: Launching Survey-Resurvey-Back-main] INFO  o.eclipse.m2e.core.internal.Bundles - getClasspathEntries(Bundle=slf4j.api_1.7.36 [584])
2023-05-09 12:29:57,744 [Worker-3: Launching Survey-Resurvey-Back-main] INFO  o.eclipse.m2e.core.internal.Bundles - 	Entry: C:\Users\ThinkPad\OneDrive\Bureau\sts4\sts-4.17.2.RELEASE\plugins\slf4j.api_1.7.36.jar
2023-05-09 12:29:57,744 [Worker-3: Launching Survey-Resurvey-Back-main] INFO  o.eclipse.m2e.core.internal.Bundles - getClasspathEntries(Bundle=javax.inject_1.0.0.v20220405-0441 [49])
2023-05-09 12:29:57,748 [Worker-3: Launching Survey-Resurvey-Back-main] INFO  o.eclipse.m2e.core.internal.Bundles - 	Entry: C:\Users\ThinkPad\OneDrive\Bureau\sts4\sts-4.17.2.RELEASE\plugins\javax.inject_1.0.0.v20220405-0441.jar
2023-05-09 12:29:57,748 [Worker-3: Launching Survey-Resurvey-Back-main] INFO  o.eclipse.m2e.core.internal.Bundles - getClasspathEntries(Bundle=javax.annotation_1.3.5.v20221112-0806 [47])
2023-05-09 12:29:57,755 [Worker-3: Launching Survey-Resurvey-Back-main] INFO  o.eclipse.m2e.core.internal.Bundles - 	Entry: C:\Users\ThinkPad\OneDrive\Bureau\sts4\sts-4.17.2.RELEASE\plugins\javax.annotation_1.3.5.v20221112-0806.jar
2023-05-09 12:29:57,765 [Worker-3: Launching Survey-Resurvey-Back-main] INFO  o.e.m.i.launch.MavenLaunchDelegate - Run build in "C:\Users\ThinkPad\OneDrive\Bureau\survey1\survey\Survey-Resurvey-Back-main":
2023-05-09 12:29:57,766 [Worker-3: Launching Survey-Resurvey-Back-main] INFO  o.e.m.i.launch.MavenLaunchDelegate -  mvn  -B -Dstyle.color=always clean compile package install
2023-05-09 12:29:57,767 [Worker-3: Launching Survey-Resurvey-Back-main] WARN  o.e.m.i.l.MavenLaunchExtensionsSupport - Unknown or unsupported source locator org.eclipse.jdt.internal.launching.sourcelookup.advanced.AdvancedSourceLookupDirector
2023-05-09 16:49:41,557 [Worker-48: Launching Executing clean in C__Users_ThinkPad_OneDrive_Bureau_survey1_survey_Survey-Resurvey-Back-main] INFO  o.e.m.i.launch.MavenLaunchDelegate - Run build in "C:\Users\ThinkPad\OneDrive\Bureau\survey1\survey\Survey-Resurvey-Back-main":
2023-05-09 16:49:41,559 [Worker-48: Launching Executing clean in C__Users_ThinkPad_OneDrive_Bureau_survey1_survey_Survey-Resurvey-Back-main] INFO  o.e.m.i.launch.MavenLaunchDelegate -  mvn  -B -Dstyle.color=always clean
2023-05-09 16:49:46,413 [Worker-51: Building] INFO  o.e.m.c.i.embedder.EclipseLogger - Using 'UTF-8' encoding to copy filtered resources.
2023-05-09 16:49:46,414 [Worker-51: Building] INFO  o.e.m.c.i.embedder.EclipseLogger - Using 'UTF-8' encoding to copy filtered properties files.
2023-05-09 16:49:46,418 [Worker-51: Building] INFO  o.e.m.c.i.embedder.EclipseLogger - Copying 1 resource
2023-05-09 16:49:46,437 [Worker-51: Building] INFO  o.e.m.c.i.embedder.EclipseLogger - Copying 0 resource
2023-05-09 16:49:46,442 [Worker-51: Building] INFO  o.e.m.c.i.embedder.EclipseLogger - Using 'UTF-8' encoding to copy filtered resources.
2023-05-09 16:49:46,442 [Worker-51: Building] INFO  o.e.m.c.i.embedder.EclipseLogger - Using 'UTF-8' encoding to copy filtered properties files.
2023-05-09 16:49:46,442 [Worker-51: Building] INFO  o.e.m.c.i.embedder.EclipseLogger - skip non existing resourceDirectory C:\Users\ThinkPad\OneDrive\Bureau\survey1\survey\Survey-Resurvey-Back-main\src\test\resources
2023-05-09 16:49:46,444 [Worker-51: Building] INFO  o.e.m.w.i.f.ResourceFilteringBuildParticipant - Changed resources require a complete clean of filtered resources of Survey-Resurvey-Back-main
2023-05-09 16:49:46,444 [Worker-51: Building] INFO  o.e.m.w.i.f.ResourceFilteringBuildParticipant - Executing resource filtering for Survey-Resurvey-Back-main
2023-05-09 16:49:46,455 [Worker-51: Building] INFO  o.e.m.c.i.embedder.EclipseLogger - Using 'UTF-8' encoding to copy filtered resources.
2023-05-09 16:49:46,455 [Worker-51: Building] INFO  o.e.m.c.i.embedder.EclipseLogger - Using 'UTF-8' encoding to copy filtered properties files.
2023-05-09 16:51:04,739 [Worker-55: Launching Survey-Resurvey-Back-main - SurveyApplication] INFO  o.e.m.c.i.l.LifecycleMappingFactory - Using org.maven.ide.eclipse.wtp.WarLifecycleMapping lifecycle mapping for MavenProject: survey:survey:0.0.1-SNAPSHOT @ C:\Users\ThinkPad\OneDrive\Bureau\survey1\survey\Survey-Resurvey-Back-main\pom.xml.
2023-05-09 16:51:06,563 [Worker-55: Launching Survey-Resurvey-Back-main - SurveyApplication] INFO  o.e.m.c.i.embedder.EclipseLogger - Using 'UTF-8' encoding to copy filtered resources.
2023-05-09 16:51:06,564 [Worker-55: Launching Survey-Resurvey-Back-main - SurveyApplication] INFO  o.e.m.c.i.embedder.EclipseLogger - Using 'UTF-8' encoding to copy filtered properties files.
2023-05-09 16:51:06,569 [Worker-55: Launching Survey-Resurvey-Back-main - SurveyApplication] INFO  o.e.m.c.i.embedder.EclipseLogger - Copying 0 resource
2023-05-09 16:51:06,570 [Worker-55: Launching Survey-Resurvey-Back-main - SurveyApplication] INFO  o.e.m.c.i.embedder.EclipseLogger - Copying 0 resource
2023-05-09 16:51:06,575 [Worker-55: Launching Survey-Resurvey-Back-main - SurveyApplication] INFO  o.e.m.c.i.embedder.EclipseLogger - Using 'UTF-8' encoding to copy filtered resources.
2023-05-09 16:51:06,575 [Worker-55: Launching Survey-Resurvey-Back-main - SurveyApplication] INFO  o.e.m.c.i.embedder.EclipseLogger - Using 'UTF-8' encoding to copy filtered properties files.
2023-05-09 16:51:06,576 [Worker-55: Launching Survey-Resurvey-Back-main - SurveyApplication] INFO  o.e.m.c.i.embedder.EclipseLogger - skip non existing resourceDirectory C:\Users\ThinkPad\OneDrive\Bureau\survey1\survey\Survey-Resurvey-Back-main\src\test\resources
2023-05-09 16:51:06,576 [Worker-55: Launching Survey-Resurvey-Back-main - SurveyApplication] INFO  o.e.m.w.i.f.ResourceFilteringBuildParticipant - Changed resources require a complete clean of filtered resources of Survey-Resurvey-Back-main
2023-05-09 16:51:06,576 [Worker-55: Launching Survey-Resurvey-Back-main - SurveyApplication] INFO  o.e.m.w.i.f.ResourceFilteringBuildParticipant - Executing resource filtering for Survey-Resurvey-Back-main
2023-05-09 16:51:06,582 [Worker-55: Launching Survey-Resurvey-Back-main - SurveyApplication] INFO  o.e.m.c.i.embedder.EclipseLogger - Using 'UTF-8' encoding to copy filtered resources.
2023-05-09 16:51:06,583 [Worker-55: Launching Survey-Resurvey-Back-main - SurveyApplication] INFO  o.e.m.c.i.embedder.EclipseLogger - Using 'UTF-8' encoding to copy filtered properties files.
2023-05-09 16:52:18,789 [Worker-56: Launching Executing install in C__Users_ThinkPad_OneDrive_Bureau_survey1_survey_Survey-Resurvey-Back-main] INFO  o.e.m.i.launch.MavenLaunchDelegate - Run build in "C:\Users\ThinkPad\OneDrive\Bureau\survey1\survey\Survey-Resurvey-Back-main":
2023-05-09 16:52:18,790 [Worker-56: Launching Executing install in C__Users_ThinkPad_OneDrive_Bureau_survey1_survey_Survey-Resurvey-Back-main] INFO  o.e.m.i.launch.MavenLaunchDelegate -  mvn  -B -Dstyle.color=always install
2023-05-09 16:52:45,762 [Worker-46: Building] INFO  o.e.m.c.i.embedder.EclipseLogger - Using 'UTF-8' encoding to copy filtered resources.
2023-05-09 16:52:45,762 [Worker-46: Building] INFO  o.e.m.c.i.embedder.EclipseLogger - Using 'UTF-8' encoding to copy filtered properties files.
2023-05-09 16:52:45,763 [Worker-46: Building] INFO  o.e.m.c.i.embedder.EclipseLogger - Copying 1 resource
2023-05-09 16:52:45,863 [Worker-46: Building] INFO  o.e.m.c.i.embedder.EclipseLogger - Copying 0 resource
2023-05-09 16:52:45,867 [Worker-46: Building] INFO  o.e.m.c.i.embedder.EclipseLogger - Using 'UTF-8' encoding to copy filtered resources.
2023-05-09 16:52:45,868 [Worker-46: Building] INFO  o.e.m.c.i.embedder.EclipseLogger - Using 'UTF-8' encoding to copy filtered properties files.
2023-05-09 16:52:45,868 [Worker-46: Building] INFO  o.e.m.c.i.embedder.EclipseLogger - skip non existing resourceDirectory C:\Users\ThinkPad\OneDrive\Bureau\survey1\survey\Survey-Resurvey-Back-main\src\test\resources
2023-05-09 16:54:38,054 [Worker-46: Building] INFO  o.e.m.c.i.l.LifecycleMappingFactory - Using org.maven.ide.eclipse.wtp.WarLifecycleMapping lifecycle mapping for MavenProject: survey:survey:0.0.1-SNAPSHOT @ C:\Users\ThinkPad\OneDrive\Bureau\survey1\survey\Survey-Resurvey-Back-main\pom.xml.
2023-05-09 16:54:38,991 [Worker-46: Building] INFO  o.e.m.c.i.e.AbstractTransferListenerAdapter - Downloaded https://repo.maven.apache.org/maven2/org/postgresql/postgresql/42.4.3/postgresql-42.4.3.jar
2023-05-09 16:54:39,810 [Worker-46: Building] INFO  o.e.m.c.i.embedder.EclipseLogger - Using 'UTF-8' encoding to copy filtered resources.
2023-05-09 16:54:39,811 [Worker-46: Building] INFO  o.e.m.c.i.embedder.EclipseLogger - Using 'UTF-8' encoding to copy filtered properties files.
2023-05-09 16:54:39,815 [Worker-46: Building] INFO  o.e.m.c.i.embedder.EclipseLogger - Copying 0 resource
2023-05-09 16:54:39,816 [Worker-46: Building] INFO  o.e.m.c.i.embedder.EclipseLogger - Copying 0 resource
2023-05-09 16:54:39,821 [Worker-46: Building] INFO  o.e.m.c.i.embedder.EclipseLogger - Using 'UTF-8' encoding to copy filtered resources.
2023-05-09 16:54:39,822 [Worker-46: Building] INFO  o.e.m.c.i.embedder.EclipseLogger - Using 'UTF-8' encoding to copy filtered properties files.
2023-05-09 16:54:39,822 [Worker-46: Building] INFO  o.e.m.c.i.embedder.EclipseLogger - skip non existing resourceDirectory C:\Users\ThinkPad\OneDrive\Bureau\survey1\survey\Survey-Resurvey-Back-main\src\test\resources
2023-05-09 16:54:39,823 [Worker-46: Building] INFO  o.e.m.w.i.f.ResourceFilteringBuildParticipant - Changed resources require a complete clean of filtered resources of Survey-Resurvey-Back-main
2023-05-09 16:54:39,823 [Worker-46: Building] INFO  o.e.m.w.i.f.ResourceFilteringBuildParticipant - Executing resource filtering for Survey-Resurvey-Back-main
2023-05-09 16:54:39,830 [Worker-46: Building] INFO  o.e.m.c.i.embedder.EclipseLogger - Using 'UTF-8' encoding to copy filtered resources.
2023-05-09 16:54:39,830 [Worker-46: Building] INFO  o.e.m.c.i.embedder.EclipseLogger - Using 'UTF-8' encoding to copy filtered properties files.
2023-05-09 16:54:43,310 [Worker-65: Download sources and javadoc] INFO  o.e.m.c.i.e.AbstractTransferListenerAdapter - Downloaded https://repo.maven.apache.org/maven2/org/postgresql/postgresql/42.4.3/postgresql-42.4.3-sources.jar
2023-05-09 16:54:43,319 [Worker-65: Download sources and javadoc] ERROR o.e.m.j.internal.DownloadSourcesJob - Could not download sources for org.postgresql:postgresql:42.4.3
org.eclipse.core.runtime.CoreException: Could not resolve artifact org.postgresql:postgresql:jar:sources:42.4.3
	at org.eclipse.m2e.core.internal.embedder.MavenImpl.lambda$6(MavenImpl.java:587)
	at org.eclipse.m2e.core.internal.embedder.MavenExecutionContext.executeBare(MavenExecutionContext.java:364)
	at org.eclipse.m2e.core.internal.embedder.MavenExecutionContext.execute(MavenExecutionContext.java:227)
	at org.eclipse.m2e.core.internal.embedder.MavenExecutionContext.execute(MavenExecutionContext.java:213)
	at org.eclipse.m2e.core.internal.embedder.MavenImpl.resolve(MavenImpl.java:556)
	at org.eclipse.m2e.core.internal.embedder.MavenImpl.resolve(MavenImpl.java:541)
	at org.eclipse.m2e.jdt.internal.DownloadSourcesJob.download(DownloadSourcesJob.java:308)
	at org.eclipse.m2e.jdt.internal.DownloadSourcesJob.downloadAttachments(DownloadSourcesJob.java:282)
	at org.eclipse.m2e.jdt.internal.DownloadSourcesJob.downloadMaven(DownloadSourcesJob.java:252)
	at org.eclipse.m2e.jdt.internal.DownloadSourcesJob.downloadFilesAndPopulateToUpdate(DownloadSourcesJob.java:220)
	at org.eclipse.m2e.jdt.internal.DownloadSourcesJob.lambda$0(DownloadSourcesJob.java:149)
	at org.eclipse.m2e.core.internal.embedder.MavenExecutionContext.executeBare(MavenExecutionContext.java:364)
	at org.eclipse.m2e.core.internal.embedder.MavenExecutionContext.execute(MavenExecutionContext.java:274)
	at org.eclipse.m2e.core.internal.embedder.MavenExecutionContext.execute(MavenExecutionContext.java:213)
	at org.eclipse.m2e.core.embedder.IMaven.execute(IMaven.java:294)
	at org.eclipse.m2e.jdt.internal.DownloadSourcesJob.run(DownloadSourcesJob.java:149)
	at org.eclipse.core.internal.jobs.Worker.run(Worker.java:63)
2023-05-09 16:54:49,450 [Worker-46: Launching Executing clean in C__Users_ThinkPad_OneDrive_Bureau_survey1_survey_Survey-Resurvey-Back-main] INFO  o.e.m.i.launch.MavenLaunchDelegate - Run build in "C:\Users\ThinkPad\OneDrive\Bureau\survey1\survey\Survey-Resurvey-Back-main":
2023-05-09 16:54:49,450 [Worker-46: Launching Executing clean in C__Users_ThinkPad_OneDrive_Bureau_survey1_survey_Survey-Resurvey-Back-main] INFO  o.e.m.i.launch.MavenLaunchDelegate -  mvn  -B -Dstyle.color=always clean
2023-05-09 16:54:53,212 [Worker-61: Building] INFO  o.e.m.c.i.embedder.EclipseLogger - Using 'UTF-8' encoding to copy filtered resources.
2023-05-09 16:54:53,213 [Worker-61: Building] INFO  o.e.m.c.i.embedder.EclipseLogger - Using 'UTF-8' encoding to copy filtered properties files.
2023-05-09 16:54:53,213 [Worker-61: Building] INFO  o.e.m.c.i.embedder.EclipseLogger - Copying 1 resource
2023-05-09 16:54:53,228 [Worker-61: Building] INFO  o.e.m.c.i.embedder.EclipseLogger - Copying 0 resource
2023-05-09 16:54:53,232 [Worker-61: Building] INFO  o.e.m.c.i.embedder.EclipseLogger - Using 'UTF-8' encoding to copy filtered resources.
2023-05-09 16:54:53,232 [Worker-61: Building] INFO  o.e.m.c.i.embedder.EclipseLogger - Using 'UTF-8' encoding to copy filtered properties files.
2023-05-09 16:54:53,232 [Worker-61: Building] INFO  o.e.m.c.i.embedder.EclipseLogger - skip non existing resourceDirectory C:\Users\ThinkPad\OneDrive\Bureau\survey1\survey\Survey-Resurvey-Back-main\src\test\resources
2023-05-09 16:54:53,233 [Worker-61: Building] INFO  o.e.m.w.i.f.ResourceFilteringBuildParticipant - Changed resources require a complete clean of filtered resources of Survey-Resurvey-Back-main
2023-05-09 16:54:53,233 [Worker-61: Building] INFO  o.e.m.w.i.f.ResourceFilteringBuildParticipant - Executing resource filtering for Survey-Resurvey-Back-main
2023-05-09 16:54:53,237 [Worker-61: Building] INFO  o.e.m.c.i.embedder.EclipseLogger - Using 'UTF-8' encoding to copy filtered resources.
2023-05-09 16:54:53,237 [Worker-61: Building] INFO  o.e.m.c.i.embedder.EclipseLogger - Using 'UTF-8' encoding to copy filtered properties files.
2023-05-09 17:01:51,382 [Worker-59: Building] INFO  o.e.m.c.i.l.LifecycleMappingFactory - Using org.maven.ide.eclipse.wtp.WarLifecycleMapping lifecycle mapping for MavenProject: survey:survey:0.0.1-SNAPSHOT @ C:\Users\ThinkPad\OneDrive\Bureau\survey1\survey\Survey-Resurvey-Back-main\pom.xml.
2023-05-09 17:01:52,529 [Worker-59: Building] INFO  o.e.m.c.i.embedder.EclipseLogger - Using 'UTF-8' encoding to copy filtered resources.
2023-05-09 17:01:52,530 [Worker-59: Building] INFO  o.e.m.c.i.embedder.EclipseLogger - Using 'UTF-8' encoding to copy filtered properties files.
2023-05-09 17:01:52,534 [Worker-59: Building] INFO  o.e.m.c.i.embedder.EclipseLogger - Copying 0 resource
2023-05-09 17:01:52,534 [Worker-59: Building] INFO  o.e.m.c.i.embedder.EclipseLogger - Copying 0 resource
2023-05-09 17:01:52,541 [Worker-59: Building] INFO  o.e.m.c.i.embedder.EclipseLogger - Using 'UTF-8' encoding to copy filtered resources.
2023-05-09 17:01:52,541 [Worker-59: Building] INFO  o.e.m.c.i.embedder.EclipseLogger - Using 'UTF-8' encoding to copy filtered properties files.
2023-05-09 17:01:52,542 [Worker-59: Building] INFO  o.e.m.c.i.embedder.EclipseLogger - skip non existing resourceDirectory C:\Users\ThinkPad\OneDrive\Bureau\survey1\survey\Survey-Resurvey-Back-main\src\test\resources
2023-05-09 17:01:52,543 [Worker-59: Building] INFO  o.e.m.w.i.f.ResourceFilteringBuildParticipant - Changed resources require a complete clean of filtered resources of Survey-Resurvey-Back-main
2023-05-09 17:01:52,544 [Worker-59: Building] INFO  o.e.m.w.i.f.ResourceFilteringBuildParticipant - Executing resource filtering for Survey-Resurvey-Back-main
2023-05-09 17:01:52,552 [Worker-59: Building] INFO  o.e.m.c.i.embedder.EclipseLogger - Using 'UTF-8' encoding to copy filtered resources.
2023-05-09 17:01:52,552 [Worker-59: Building] INFO  o.e.m.c.i.embedder.EclipseLogger - Using 'UTF-8' encoding to copy filtered properties files.
2023-05-09 17:01:56,709 [Worker-79: Building] INFO  o.e.m.c.i.embedder.EclipseLogger - Using 'UTF-8' encoding to copy filtered resources.
2023-05-09 17:01:56,710 [Worker-79: Building] INFO  o.e.m.c.i.embedder.EclipseLogger - Using 'UTF-8' encoding to copy filtered properties files.
2023-05-09 17:01:56,711 [Worker-79: Building] INFO  o.e.m.c.i.embedder.EclipseLogger - Copying 1 resource
2023-05-09 17:01:56,735 [Worker-79: Building] INFO  o.e.m.c.i.embedder.EclipseLogger - Copying 0 resource
2023-05-09 17:01:56,741 [Worker-79: Building] INFO  o.e.m.c.i.embedder.EclipseLogger - Using 'UTF-8' encoding to copy filtered resources.
2023-05-09 17:01:56,741 [Worker-79: Building] INFO  o.e.m.c.i.embedder.EclipseLogger - Using 'UTF-8' encoding to copy filtered properties files.
2023-05-09 17:01:56,741 [Worker-79: Building] INFO  o.e.m.c.i.embedder.EclipseLogger - skip non existing resourceDirectory C:\Users\ThinkPad\OneDrive\Bureau\survey1\survey\Survey-Resurvey-Back-main\src\test\resources
2023-05-09 17:02:00,761 [Worker-74: Launching Executing clean in C__Users_ThinkPad_OneDrive_Bureau_survey1_survey_Survey-Resurvey-Back-main] INFO  o.e.m.i.launch.MavenLaunchDelegate - Run build in "C:\Users\ThinkPad\OneDrive\Bureau\survey1\survey\Survey-Resurvey-Back-main":
2023-05-09 17:02:00,761 [Worker-74: Launching Executing clean in C__Users_ThinkPad_OneDrive_Bureau_survey1_survey_Survey-Resurvey-Back-main] INFO  o.e.m.i.launch.MavenLaunchDelegate -  mvn  -B -Dstyle.color=always clean
2023-05-09 17:02:05,133 [Worker-75: Building] INFO  o.e.m.c.i.embedder.EclipseLogger - Using 'UTF-8' encoding to copy filtered resources.
2023-05-09 17:02:05,133 [Worker-75: Building] INFO  o.e.m.c.i.embedder.EclipseLogger - Using 'UTF-8' encoding to copy filtered properties files.
2023-05-09 17:02:05,134 [Worker-75: Building] INFO  o.e.m.c.i.embedder.EclipseLogger - Copying 1 resource
2023-05-09 17:02:05,137 [Worker-75: Building] INFO  o.e.m.c.i.embedder.EclipseLogger - Copying 0 resource
2023-05-09 17:02:05,141 [Worker-75: Building] INFO  o.e.m.c.i.embedder.EclipseLogger - Using 'UTF-8' encoding to copy filtered resources.
2023-05-09 17:02:05,142 [Worker-75: Building] INFO  o.e.m.c.i.embedder.EclipseLogger - Using 'UTF-8' encoding to copy filtered properties files.
2023-05-09 17:02:05,142 [Worker-75: Building] INFO  o.e.m.c.i.embedder.EclipseLogger - skip non existing resourceDirectory C:\Users\ThinkPad\OneDrive\Bureau\survey1\survey\Survey-Resurvey-Back-main\src\test\resources
2023-05-09 17:02:05,143 [Worker-75: Building] INFO  o.e.m.w.i.f.ResourceFilteringBuildParticipant - Changed resources require a complete clean of filtered resources of Survey-Resurvey-Back-main
2023-05-09 17:02:05,143 [Worker-75: Building] INFO  o.e.m.w.i.f.ResourceFilteringBuildParticipant - Executing resource filtering for Survey-Resurvey-Back-main
2023-05-09 17:02:05,147 [Worker-75: Building] INFO  o.e.m.c.i.embedder.EclipseLogger - Using 'UTF-8' encoding to copy filtered resources.
2023-05-09 17:02:05,147 [Worker-75: Building] INFO  o.e.m.c.i.embedder.EclipseLogger - Using 'UTF-8' encoding to copy filtered properties files.
2023-05-09 17:02:18,562 [main] INFO  o.e.m2e.actions.ExecutePomAction - Using existing launch configuration
2023-05-09 17:02:18,815 [Worker-68: Launching Survey-Resurvey-Back-main] INFO  o.e.m.i.launch.MavenLaunchDelegate - Run build in "C:\Users\ThinkPad\OneDrive\Bureau\survey1\survey\Survey-Resurvey-Back-main":
2023-05-09 17:02:18,816 [Worker-68: Launching Survey-Resurvey-Back-main] INFO  o.e.m.i.launch.MavenLaunchDelegate -  mvn  -B -Dstyle.color=always clean compile package install
2023-05-09 17:17:21,113 [Worker-85: Building] INFO  o.e.m.c.i.l.LifecycleMappingFactory - Using org.maven.ide.eclipse.wtp.WarLifecycleMapping lifecycle mapping for MavenProject: survey:survey:0.0.1-SNAPSHOT @ C:\Users\ThinkPad\OneDrive\Bureau\survey1\survey\Survey-Resurvey-Back-main\pom.xml.
2023-05-09 17:17:22,858 [Worker-85: Building] INFO  o.e.m.c.i.embedder.EclipseLogger - Using 'UTF-8' encoding to copy filtered resources.
2023-05-09 17:17:22,859 [Worker-85: Building] INFO  o.e.m.c.i.embedder.EclipseLogger - Using 'UTF-8' encoding to copy filtered properties files.
2023-05-09 17:17:22,863 [Worker-85: Building] INFO  o.e.m.c.i.embedder.EclipseLogger - Copying 0 resource
2023-05-09 17:17:22,864 [Worker-85: Building] INFO  o.e.m.c.i.embedder.EclipseLogger - Copying 0 resource
2023-05-09 17:17:22,869 [Worker-85: Building] INFO  o.e.m.c.i.embedder.EclipseLogger - Using 'UTF-8' encoding to copy filtered resources.
2023-05-09 17:17:22,870 [Worker-85: Building] INFO  o.e.m.c.i.embedder.EclipseLogger - Using 'UTF-8' encoding to copy filtered properties files.
2023-05-09 17:17:22,870 [Worker-85: Building] INFO  o.e.m.c.i.embedder.EclipseLogger - skip non existing resourceDirectory C:\Users\ThinkPad\OneDrive\Bureau\survey1\survey\Survey-Resurvey-Back-main\src\test\resources
2023-05-09 17:17:22,871 [Worker-85: Building] INFO  o.e.m.w.i.f.ResourceFilteringBuildParticipant - Changed resources require a complete clean of filtered resources of Survey-Resurvey-Back-main
2023-05-09 17:17:22,871 [Worker-85: Building] INFO  o.e.m.w.i.f.ResourceFilteringBuildParticipant - Executing resource filtering for Survey-Resurvey-Back-main
2023-05-09 17:17:22,878 [Worker-85: Building] INFO  o.e.m.c.i.embedder.EclipseLogger - Using 'UTF-8' encoding to copy filtered resources.
2023-05-09 17:17:22,878 [Worker-85: Building] INFO  o.e.m.c.i.embedder.EclipseLogger - Using 'UTF-8' encoding to copy filtered properties files.
2023-05-09 17:17:28,300 [Worker-73: Building] INFO  o.e.m.c.i.embedder.EclipseLogger - Using 'UTF-8' encoding to copy filtered resources.
2023-05-09 17:17:28,300 [Worker-73: Building] INFO  o.e.m.c.i.embedder.EclipseLogger - Using 'UTF-8' encoding to copy filtered properties files.
2023-05-09 17:17:28,301 [Worker-73: Building] INFO  o.e.m.c.i.embedder.EclipseLogger - Copying 1 resource
2023-05-09 17:17:28,323 [Worker-73: Building] INFO  o.e.m.c.i.embedder.EclipseLogger - Copying 0 resource
2023-05-09 17:17:28,329 [Worker-73: Building] INFO  o.e.m.c.i.embedder.EclipseLogger - Using 'UTF-8' encoding to copy filtered resources.
2023-05-09 17:17:28,330 [Worker-73: Building] INFO  o.e.m.c.i.embedder.EclipseLogger - Using 'UTF-8' encoding to copy filtered properties files.
2023-05-09 17:17:28,330 [Worker-73: Building] INFO  o.e.m.c.i.embedder.EclipseLogger - skip non existing resourceDirectory C:\Users\ThinkPad\OneDrive\Bureau\survey1\survey\Survey-Resurvey-Back-main\src\test\resources
2023-05-09 17:18:09,645 [Worker-90: Updating Maven Project] INFO  o.e.m.c.i.p.ProjectConfigurationManager - Update started
2023-05-09 17:18:10,153 [Worker-90: Updating Maven Project] INFO  o.e.m.c.i.l.LifecycleMappingFactory - Using org.maven.ide.eclipse.wtp.WarLifecycleMapping lifecycle mapping for MavenProject: survey:survey:0.0.1-SNAPSHOT @ C:\Users\ThinkPad\OneDrive\Bureau\survey1\survey\Survey-Resurvey-Back-main\pom.xml.
2023-05-09 17:18:11,672 [Worker-90: Updating Maven Project] INFO  o.e.m.j.i.AbstractJavaProjectConfigurator - Adding source folder /Survey-Resurvey-Back-main/src/main/java
2023-05-09 17:18:11,673 [Worker-90: Updating Maven Project] INFO  o.e.m.j.i.AbstractJavaProjectConfigurator - Adding resource folder /Survey-Resurvey-Back-main/src/main/resources
2023-05-09 17:18:11,674 [Worker-90: Updating Maven Project] INFO  o.e.m.j.i.AbstractJavaProjectConfigurator - Adding resource folder /Survey-Resurvey-Back-main/src/main/resources
2023-05-09 17:18:11,675 [Worker-90: Updating Maven Project] INFO  o.e.m.j.i.AbstractJavaProjectConfigurator - Adding source folder /Survey-Resurvey-Back-main/src/test/java
2023-05-09 17:18:13,809 [Worker-90: Updating Maven Project] INFO  o.e.m.w.i.f.ResourceFilteringBuildParticipant - Cleaning filtered folder for Survey-Resurvey-Back-main
2023-05-09 17:18:13,816 [Worker-90: Updating Maven Project] INFO  o.e.m.c.i.p.ProjectConfigurationManager - Update completed for 1 poms: local refresh takes 0,00 sec, refresh facades takes 1,00 sec, update config takes 1,00 sec 
2023-05-09 17:18:18,181 [Worker-94: Building] INFO  o.e.m.w.i.f.ResourceFilteringBuildParticipant - Changed resources require a complete clean of filtered resources of Survey-Resurvey-Back-main
2023-05-09 17:18:18,181 [Worker-94: Building] INFO  o.e.m.w.i.f.ResourceFilteringBuildParticipant - Executing resource filtering for Survey-Resurvey-Back-main
2023-05-09 17:18:18,518 [Worker-94: Building] INFO  o.e.m.c.i.embedder.EclipseLogger - Using 'UTF-8' encoding to copy filtered resources.
2023-05-09 17:18:18,518 [Worker-94: Building] INFO  o.e.m.c.i.embedder.EclipseLogger - Using 'UTF-8' encoding to copy filtered properties files.
2023-05-09 17:18:19,930 [ModalContext] INFO  o.a.h.c.h.i.c.HttpRequestRetryExec - Recoverable I/O exception (org.apache.hc.core5.http.NoHttpResponseException) caught when processing request to {s}->https://marketplace.eclipse.org:443
2023-05-09 17:21:53,797 [Worker-100: Building] INFO  o.e.m.c.i.embedder.EclipseLogger - Using 'UTF-8' encoding to copy filtered resources.
2023-05-09 17:21:53,797 [Worker-100: Building] INFO  o.e.m.c.i.embedder.EclipseLogger - Using 'UTF-8' encoding to copy filtered properties files.
2023-05-09 17:21:53,805 [Worker-100: Building] INFO  o.e.m.c.i.embedder.EclipseLogger - Copying 1 resource
2023-05-09 17:21:53,853 [Worker-100: Building] INFO  o.e.m.c.i.embedder.EclipseLogger - Copying 0 resource
2023-05-09 17:21:53,858 [Worker-100: Building] INFO  o.e.m.c.i.embedder.EclipseLogger - Using 'UTF-8' encoding to copy filtered resources.
2023-05-09 17:21:53,858 [Worker-100: Building] INFO  o.e.m.c.i.embedder.EclipseLogger - Using 'UTF-8' encoding to copy filtered properties files.
2023-05-09 17:21:53,858 [Worker-100: Building] INFO  o.e.m.c.i.embedder.EclipseLogger - skip non existing resourceDirectory C:\Users\ThinkPad\OneDrive\Bureau\survey1\survey\Survey-Resurvey-Back-main\src\test\resources
2023-05-11 09:35:09,379 [Worker-0: Loading available Gradle versions] INFO  o.e.b.c.i.u.g.PublishedGradleVersions - Gradle version information cache is out-of-date. Trying to update.
2023-05-11 09:35:09,423 [Worker-0: Loading available Gradle versions] INFO  o.e.b.c.i.u.g.PublishedGradleVersions - Updating Gradle version information cache failed. Using outdated cache.
2023-05-11 11:58:06,828 [Worker-0: Loading available Gradle versions] INFO  o.e.b.c.i.u.g.PublishedGradleVersions - Gradle version information cache is out-of-date. Trying to update.
2023-05-11 12:02:14,563 [Worker-5: Loading available Gradle versions] INFO  o.e.b.c.i.u.g.PublishedGradleVersions - Gradle version information cache is up-to-date. Trying to read.
2023-05-11 12:02:14,818 [Worker-1: Launching Survey-Resurvey-Back-main] INFO  o.eclipse.m2e.core.internal.Bundles - getClasspathEntries(Bundle=org.eclipse.m2e.maven.runtime_3.8.604.20221130-2149 [345])
2023-05-11 12:02:14,826 [Worker-1: Launching Survey-Resurvey-Back-main] INFO  o.eclipse.m2e.core.internal.Bundles - 	Entry: C:\Users\ThinkPad\OneDrive\Bureau\sts4\sts-4.17.2.RELEASE\plugins\org.eclipse.m2e.maven.runtime_3.8.604.20221130-2149
2023-05-11 12:02:14,827 [Worker-1: Launching Survey-Resurvey-Back-main] INFO  o.eclipse.m2e.core.internal.Bundles - 	Entry: C:\Users\ThinkPad\OneDrive\Bureau\sts4\sts-4.17.2.RELEASE\plugins\org.eclipse.m2e.maven.runtime_3.8.604.20221130-2149\jars\aether-connector-okhttp-0.17.8.jar
2023-05-11 12:02:14,827 [Worker-1: Launching Survey-Resurvey-Back-main] INFO  o.eclipse.m2e.core.internal.Bundles - 	Entry: C:\Users\ThinkPad\OneDrive\Bureau\sts4\sts-4.17.2.RELEASE\plugins\org.eclipse.m2e.maven.runtime_3.8.604.20221130-2149\jars\commons-cli-1.4.jar
2023-05-11 12:02:14,828 [Worker-1: Launching Survey-Resurvey-Back-main] INFO  o.eclipse.m2e.core.internal.Bundles - 	Entry: C:\Users\ThinkPad\OneDrive\Bureau\sts4\sts-4.17.2.RELEASE\plugins\org.eclipse.m2e.maven.runtime_3.8.604.20221130-2149\jars\commons-io-2.6.jar
2023-05-11 12:02:14,828 [Worker-1: Launching Survey-Resurvey-Back-main] INFO  o.eclipse.m2e.core.internal.Bundles - 	Entry: C:\Users\ThinkPad\OneDrive\Bureau\sts4\sts-4.17.2.RELEASE\plugins\org.eclipse.m2e.maven.runtime_3.8.604.20221130-2149\jars\commons-lang3-3.8.1.jar
2023-05-11 12:02:14,829 [Worker-1: Launching Survey-Resurvey-Back-main] INFO  o.eclipse.m2e.core.internal.Bundles - 	Entry: C:\Users\ThinkPad\OneDrive\Bureau\sts4\sts-4.17.2.RELEASE\plugins\org.eclipse.m2e.maven.runtime_3.8.604.20221130-2149\jars\guice-4.2.2-no_aop.jar
2023-05-11 12:02:14,830 [Worker-1: Launching Survey-Resurvey-Back-main] INFO  o.eclipse.m2e.core.internal.Bundles - 	Entry: C:\Users\ThinkPad\OneDrive\Bureau\sts4\sts-4.17.2.RELEASE\plugins\org.eclipse.m2e.maven.runtime_3.8.604.20221130-2149\jars\jansi-2.4.0.jar
2023-05-11 12:02:14,830 [Worker-1: Launching Survey-Resurvey-Back-main] INFO  o.eclipse.m2e.core.internal.Bundles - 	Entry: C:\Users\ThinkPad\OneDrive\Bureau\sts4\sts-4.17.2.RELEASE\plugins\org.eclipse.m2e.maven.runtime_3.8.604.20221130-2149\jars\maven-artifact-3.8.6.jar
2023-05-11 12:02:14,830 [Worker-1: Launching Survey-Resurvey-Back-main] INFO  o.eclipse.m2e.core.internal.Bundles - 	Entry: C:\Users\ThinkPad\OneDrive\Bureau\sts4\sts-4.17.2.RELEASE\plugins\org.eclipse.m2e.maven.runtime_3.8.604.20221130-2149\jars\maven-builder-support-3.8.6.jar
2023-05-11 12:02:14,831 [Worker-1: Launching Survey-Resurvey-Back-main] INFO  o.eclipse.m2e.core.internal.Bundles - 	Entry: C:\Users\ThinkPad\OneDrive\Bureau\sts4\sts-4.17.2.RELEASE\plugins\org.eclipse.m2e.maven.runtime_3.8.604.20221130-2149\jars\maven-compat-3.8.6.jar
2023-05-11 12:02:14,831 [Worker-1: Launching Survey-Resurvey-Back-main] INFO  o.eclipse.m2e.core.internal.Bundles - 	Entry: C:\Users\ThinkPad\OneDrive\Bureau\sts4\sts-4.17.2.RELEASE\plugins\org.eclipse.m2e.maven.runtime_3.8.604.20221130-2149\jars\maven-core-3.8.6.jar
2023-05-11 12:02:14,831 [Worker-1: Launching Survey-Resurvey-Back-main] INFO  o.eclipse.m2e.core.internal.Bundles - 	Entry: C:\Users\ThinkPad\OneDrive\Bureau\sts4\sts-4.17.2.RELEASE\plugins\org.eclipse.m2e.maven.runtime_3.8.604.20221130-2149\jars\maven-embedder-3.8.6.jar
2023-05-11 12:02:14,832 [Worker-1: Launching Survey-Resurvey-Back-main] INFO  o.eclipse.m2e.core.internal.Bundles - 	Entry: C:\Users\ThinkPad\OneDrive\Bureau\sts4\sts-4.17.2.RELEASE\plugins\org.eclipse.m2e.maven.runtime_3.8.604.20221130-2149\jars\maven-model-3.8.6.jar
2023-05-11 12:02:14,832 [Worker-1: Launching Survey-Resurvey-Back-main] INFO  o.eclipse.m2e.core.internal.Bundles - 	Entry: C:\Users\ThinkPad\OneDrive\Bureau\sts4\sts-4.17.2.RELEASE\plugins\org.eclipse.m2e.maven.runtime_3.8.604.20221130-2149\jars\maven-model-builder-3.8.6.jar
2023-05-11 12:02:14,833 [Worker-1: Launching Survey-Resurvey-Back-main] INFO  o.eclipse.m2e.core.internal.Bundles - 	Entry: C:\Users\ThinkPad\OneDrive\Bureau\sts4\sts-4.17.2.RELEASE\plugins\org.eclipse.m2e.maven.runtime_3.8.604.20221130-2149\jars\maven-plugin-api-3.8.6.jar
2023-05-11 12:02:14,833 [Worker-1: Launching Survey-Resurvey-Back-main] INFO  o.eclipse.m2e.core.internal.Bundles - 	Entry: C:\Users\ThinkPad\OneDrive\Bureau\sts4\sts-4.17.2.RELEASE\plugins\org.eclipse.m2e.maven.runtime_3.8.604.20221130-2149\jars\maven-repository-metadata-3.8.6.jar
2023-05-11 12:02:14,833 [Worker-1: Launching Survey-Resurvey-Back-main] INFO  o.eclipse.m2e.core.internal.Bundles - 	Entry: C:\Users\ThinkPad\OneDrive\Bureau\sts4\sts-4.17.2.RELEASE\plugins\org.eclipse.m2e.maven.runtime_3.8.604.20221130-2149\jars\maven-resolver-api-1.6.3.jar
2023-05-11 12:02:14,834 [Worker-1: Launching Survey-Resurvey-Back-main] INFO  o.eclipse.m2e.core.internal.Bundles - 	Entry: C:\Users\ThinkPad\OneDrive\Bureau\sts4\sts-4.17.2.RELEASE\plugins\org.eclipse.m2e.maven.runtime_3.8.604.20221130-2149\jars\maven-resolver-connector-basic-1.6.3.jar
2023-05-11 12:02:14,834 [Worker-1: Launching Survey-Resurvey-Back-main] INFO  o.eclipse.m2e.core.internal.Bundles - 	Entry: C:\Users\ThinkPad\OneDrive\Bureau\sts4\sts-4.17.2.RELEASE\plugins\org.eclipse.m2e.maven.runtime_3.8.604.20221130-2149\jars\maven-resolver-impl-1.6.3.jar
2023-05-11 12:02:14,835 [Worker-1: Launching Survey-Resurvey-Back-main] INFO  o.eclipse.m2e.core.internal.Bundles - 	Entry: C:\Users\ThinkPad\OneDrive\Bureau\sts4\sts-4.17.2.RELEASE\plugins\org.eclipse.m2e.maven.runtime_3.8.604.20221130-2149\jars\maven-resolver-provider-3.8.6.jar
2023-05-11 12:02:14,835 [Worker-1: Launching Survey-Resurvey-Back-main] INFO  o.eclipse.m2e.core.internal.Bundles - 	Entry: C:\Users\ThinkPad\OneDrive\Bureau\sts4\sts-4.17.2.RELEASE\plugins\org.eclipse.m2e.maven.runtime_3.8.604.20221130-2149\jars\maven-resolver-spi-1.6.3.jar
2023-05-11 12:02:14,835 [Worker-1: Launching Survey-Resurvey-Back-main] INFO  o.eclipse.m2e.core.internal.Bundles - 	Entry: C:\Users\ThinkPad\OneDrive\Bureau\sts4\sts-4.17.2.RELEASE\plugins\org.eclipse.m2e.maven.runtime_3.8.604.20221130-2149\jars\maven-resolver-transport-wagon-1.6.3.jar
2023-05-11 12:02:14,836 [Worker-1: Launching Survey-Resurvey-Back-main] INFO  o.eclipse.m2e.core.internal.Bundles - 	Entry: C:\Users\ThinkPad\OneDrive\Bureau\sts4\sts-4.17.2.RELEASE\plugins\org.eclipse.m2e.maven.runtime_3.8.604.20221130-2149\jars\maven-resolver-util-1.6.3.jar
2023-05-11 12:02:14,836 [Worker-1: Launching Survey-Resurvey-Back-main] INFO  o.eclipse.m2e.core.internal.Bundles - 	Entry: C:\Users\ThinkPad\OneDrive\Bureau\sts4\sts-4.17.2.RELEASE\plugins\org.eclipse.m2e.maven.runtime_3.8.604.20221130-2149\jars\maven-settings-3.8.6.jar
2023-05-11 12:02:14,836 [Worker-1: Launching Survey-Resurvey-Back-main] INFO  o.eclipse.m2e.core.internal.Bundles - 	Entry: C:\Users\ThinkPad\OneDrive\Bureau\sts4\sts-4.17.2.RELEASE\plugins\org.eclipse.m2e.maven.runtime_3.8.604.20221130-2149\jars\maven-settings-builder-3.8.6.jar
2023-05-11 12:02:14,837 [Worker-1: Launching Survey-Resurvey-Back-main] INFO  o.eclipse.m2e.core.internal.Bundles - 	Entry: C:\Users\ThinkPad\OneDrive\Bureau\sts4\sts-4.17.2.RELEASE\plugins\org.eclipse.m2e.maven.runtime_3.8.604.20221130-2149\jars\maven-shared-utils-3.3.4.jar
2023-05-11 12:02:14,837 [Worker-1: Launching Survey-Resurvey-Back-main] INFO  o.eclipse.m2e.core.internal.Bundles - 	Entry: C:\Users\ThinkPad\OneDrive\Bureau\sts4\sts-4.17.2.RELEASE\plugins\org.eclipse.m2e.maven.runtime_3.8.604.20221130-2149\jars\okhttp-3.14.1.jar
2023-05-11 12:02:14,837 [Worker-1: Launching Survey-Resurvey-Back-main] INFO  o.eclipse.m2e.core.internal.Bundles - 	Entry: C:\Users\ThinkPad\OneDrive\Bureau\sts4\sts-4.17.2.RELEASE\plugins\org.eclipse.m2e.maven.runtime_3.8.604.20221130-2149\jars\okio-1.17.3.jar
2023-05-11 12:02:14,838 [Worker-1: Launching Survey-Resurvey-Back-main] INFO  o.eclipse.m2e.core.internal.Bundles - 	Entry: C:\Users\ThinkPad\OneDrive\Bureau\sts4\sts-4.17.2.RELEASE\plugins\org.eclipse.m2e.maven.runtime_3.8.604.20221130-2149\jars\org.eclipse.sisu.inject-0.3.5.jar
2023-05-11 12:02:14,838 [Worker-1: Launching Survey-Resurvey-Back-main] INFO  o.eclipse.m2e.core.internal.Bundles - 	Entry: C:\Users\ThinkPad\OneDrive\Bureau\sts4\sts-4.17.2.RELEASE\plugins\org.eclipse.m2e.maven.runtime_3.8.604.20221130-2149\jars\org.eclipse.sisu.plexus-0.3.5.jar
2023-05-11 12:02:14,839 [Worker-1: Launching Survey-Resurvey-Back-main] INFO  o.eclipse.m2e.core.internal.Bundles - 	Entry: C:\Users\ThinkPad\OneDrive\Bureau\sts4\sts-4.17.2.RELEASE\plugins\org.eclipse.m2e.maven.runtime_3.8.604.20221130-2149\jars\plexus-build-api-0.0.7.jar
2023-05-11 12:02:14,839 [Worker-1: Launching Survey-Resurvey-Back-main] INFO  o.eclipse.m2e.core.internal.Bundles - 	Entry: C:\Users\ThinkPad\OneDrive\Bureau\sts4\sts-4.17.2.RELEASE\plugins\org.eclipse.m2e.maven.runtime_3.8.604.20221130-2149\jars\plexus-cipher-2.0.jar
2023-05-11 12:02:14,840 [Worker-1: Launching Survey-Resurvey-Back-main] INFO  o.eclipse.m2e.core.internal.Bundles - 	Entry: C:\Users\ThinkPad\OneDrive\Bureau\sts4\sts-4.17.2.RELEASE\plugins\org.eclipse.m2e.maven.runtime_3.8.604.20221130-2149\jars\plexus-classworlds-2.6.0.jar
2023-05-11 12:02:14,840 [Worker-1: Launching Survey-Resurvey-Back-main] INFO  o.eclipse.m2e.core.internal.Bundles - 	Entry: C:\Users\ThinkPad\OneDrive\Bureau\sts4\sts-4.17.2.RELEASE\plugins\org.eclipse.m2e.maven.runtime_3.8.604.20221130-2149\jars\plexus-component-annotations-2.1.0.jar
2023-05-11 12:02:14,840 [Worker-1: Launching Survey-Resurvey-Back-main] INFO  o.eclipse.m2e.core.internal.Bundles - 	Entry: C:\Users\ThinkPad\OneDrive\Bureau\sts4\sts-4.17.2.RELEASE\plugins\org.eclipse.m2e.maven.runtime_3.8.604.20221130-2149\jars\plexus-interpolation-1.26.jar
2023-05-11 12:02:14,841 [Worker-1: Launching Survey-Resurvey-Back-main] INFO  o.eclipse.m2e.core.internal.Bundles - 	Entry: C:\Users\ThinkPad\OneDrive\Bureau\sts4\sts-4.17.2.RELEASE\plugins\org.eclipse.m2e.maven.runtime_3.8.604.20221130-2149\jars\plexus-sec-dispatcher-2.0.jar
2023-05-11 12:02:14,841 [Worker-1: Launching Survey-Resurvey-Back-main] INFO  o.eclipse.m2e.core.internal.Bundles - 	Entry: C:\Users\ThinkPad\OneDrive\Bureau\sts4\sts-4.17.2.RELEASE\plugins\org.eclipse.m2e.maven.runtime_3.8.604.20221130-2149\jars\plexus-utils-3.3.1.jar
2023-05-11 12:02:14,841 [Worker-1: Launching Survey-Resurvey-Back-main] INFO  o.eclipse.m2e.core.internal.Bundles - 	Entry: C:\Users\ThinkPad\OneDrive\Bureau\sts4\sts-4.17.2.RELEASE\plugins\org.eclipse.m2e.maven.runtime_3.8.604.20221130-2149\jars\wagon-file-3.5.1.jar
2023-05-11 12:02:14,842 [Worker-1: Launching Survey-Resurvey-Back-main] INFO  o.eclipse.m2e.core.internal.Bundles - 	Entry: C:\Users\ThinkPad\OneDrive\Bureau\sts4\sts-4.17.2.RELEASE\plugins\org.eclipse.m2e.maven.runtime_3.8.604.20221130-2149\jars\wagon-provider-api-3.5.1.jar
2023-05-11 12:02:14,845 [Worker-1: Launching Survey-Resurvey-Back-main] INFO  o.eclipse.m2e.core.internal.Bundles - getClasspathEntries(Bundle=com.google.guava_30.1.0.v20221112-0806 [22])
2023-05-11 12:02:14,848 [Worker-1: Launching Survey-Resurvey-Back-main] INFO  o.eclipse.m2e.core.internal.Bundles - 	Entry: C:\Users\ThinkPad\OneDrive\Bureau\sts4\sts-4.17.2.RELEASE\plugins\com.google.guava_30.1.0.v20221112-0806.jar
2023-05-11 12:02:14,849 [Worker-1: Launching Survey-Resurvey-Back-main] INFO  o.eclipse.m2e.core.internal.Bundles - getClasspathEntries(Bundle=slf4j.api_1.7.36 [584])
2023-05-11 12:02:14,851 [Worker-1: Launching Survey-Resurvey-Back-main] INFO  o.eclipse.m2e.core.internal.Bundles - 	Entry: C:\Users\ThinkPad\OneDrive\Bureau\sts4\sts-4.17.2.RELEASE\plugins\slf4j.api_1.7.36.jar
2023-05-11 12:02:14,851 [Worker-1: Launching Survey-Resurvey-Back-main] INFO  o.eclipse.m2e.core.internal.Bundles - getClasspathEntries(Bundle=javax.inject_1.0.0.v20220405-0441 [49])
2023-05-11 12:02:14,853 [Worker-1: Launching Survey-Resurvey-Back-main] INFO  o.eclipse.m2e.core.internal.Bundles - 	Entry: C:\Users\ThinkPad\OneDrive\Bureau\sts4\sts-4.17.2.RELEASE\plugins\javax.inject_1.0.0.v20220405-0441.jar
2023-05-11 12:02:14,853 [Worker-1: Launching Survey-Resurvey-Back-main] INFO  o.eclipse.m2e.core.internal.Bundles - getClasspathEntries(Bundle=javax.annotation_1.3.5.v20221112-0806 [47])
2023-05-11 12:02:14,856 [Worker-1: Launching Survey-Resurvey-Back-main] INFO  o.eclipse.m2e.core.internal.Bundles - 	Entry: C:\Users\ThinkPad\OneDrive\Bureau\sts4\sts-4.17.2.RELEASE\plugins\javax.annotation_1.3.5.v20221112-0806.jar
